TN:
SF:src/definitions.ts
FN:1,(anonymous_0)
FNF:1
FNH:1
FNDA:5,(anonymous_0)
DA:1,5
DA:2,5
DA:3,5
DA:4,5
DA:5,5
DA:6,5
DA:7,5
DA:8,5
DA:9,5
DA:10,5
DA:11,5
DA:12,5
LF:12
LH:12
BRDA:1,0,0,5
BRDA:1,0,1,5
BRF:2
BRH:2
end_of_record
TN:
SF:src/web.ts
FN:25,(anonymous_7)
FN:77,(anonymous_9)
FN:88,(anonymous_10)
FN:88,(anonymous_11)
FN:111,(anonymous_12)
FN:130,(anonymous_14)
FN:191,(anonymous_16)
FN:215,(anonymous_18)
FN:223,(anonymous_20)
FN:244,(anonymous_21)
FN:254,(anonymous_23)
FN:284,(anonymous_24)
FN:312,(anonymous_26)
FN:332,(anonymous_28)
FN:351,(anonymous_30)
FN:373,(anonymous_32)
FNF:16
FNH:16
FNDA:27,(anonymous_7)
FNDA:12,(anonymous_9)
FNDA:31,(anonymous_10)
FNDA:31,(anonymous_11)
FNDA:19,(anonymous_12)
FNDA:4,(anonymous_14)
FNDA:5,(anonymous_16)
FNDA:3,(anonymous_18)
FNDA:3,(anonymous_20)
FNDA:2,(anonymous_21)
FNDA:2,(anonymous_23)
FNDA:3,(anonymous_24)
FNDA:2,(anonymous_26)
FNDA:2,(anonymous_28)
FNDA:2,(anonymous_30)
FNDA:2,(anonymous_32)
DA:1,1
DA:2,1
DA:24,1
DA:26,27
DA:27,27
DA:28,27
DA:32,4
DA:33,4
DA:36,5
DA:37,5
DA:40,3
DA:41,3
DA:44,2
DA:45,2
DA:48,3
DA:49,3
DA:52,2
DA:53,2
DA:56,2
DA:57,2
DA:60,2
DA:61,2
DA:64,2
DA:65,2
DA:68,2
DA:71,2
DA:72,2
DA:78,12
DA:79,12
DA:80,12
DA:81,256
DA:83,12
DA:84,12
DA:88,31
DA:89,31
DA:90,10
DA:91,10
DA:93,0
DA:97,21
DA:98,2
DA:99,2
DA:100,1
DA:101,1
DA:103,1
DA:107,20
DA:112,19
DA:114,15
DA:115,15
DA:116,15
DA:117,15
DA:118,15
DA:119,15
DA:120,9
DA:123,15
DA:124,13
DA:126,2
DA:131,4
DA:135,4
DA:138,4
DA:139,4
DA:140,2
DA:144,4
DA:145,4
DA:146,2
DA:147,2
DA:148,1
DA:155,4
DA:156,1
DA:157,1
DA:161,3
DA:162,2
DA:169,1
DA:170,1
DA:178,0
DA:188,3
DA:192,5
DA:195,5
DA:197,5
DA:198,5
DA:201,5
DA:202,5
DA:205,2
DA:206,2
DA:207,2
DA:208,2
DA:209,2
DA:211,2
DA:212,2
DA:216,3
DA:219,3
DA:221,3
DA:222,3
DA:223,3
DA:225,3
DA:226,2
DA:230,3
DA:231,3
DA:234,1
DA:235,1
DA:236,1
DA:237,1
DA:238,1
DA:240,1
DA:241,1
DA:245,2
DA:248,2
DA:249,2
DA:250,2
DA:252,2
DA:253,2
DA:254,2
DA:258,2
DA:259,1
DA:260,1
DA:264,1
DA:265,1
DA:266,1
DA:270,1
DA:271,1
DA:272,1
DA:273,1
DA:279,1
DA:281,1
DA:285,3
DA:288,3
DA:290,3
DA:291,3
DA:292,1
DA:296,3
DA:297,1
DA:298,1
DA:303,2
DA:304,1
DA:306,1
DA:309,2
DA:313,2
DA:316,2
DA:319,2
DA:320,2
DA:323,1
DA:324,1
DA:325,1
DA:326,1
DA:328,1
DA:329,1
DA:333,2
DA:336,2
DA:337,2
DA:338,2
DA:341,2
DA:342,1
DA:343,1
DA:347,1
DA:348,1
DA:352,2
DA:355,2
DA:357,2
DA:358,2
DA:359,1
DA:363,2
DA:364,1
DA:365,1
DA:369,1
DA:370,1
DA:374,2
DA:377,2
DA:378,2
DA:379,2
DA:380,1
DA:381,1
DA:382,1
DA:384,2
DA:386,2
DA:387,2
LF:174
LH:172
BRDA:28,0,0,2
BRDA:28,0,1,3
BRDA:28,0,2,4
BRDA:28,0,3,5
BRDA:28,0,4,3
BRDA:28,0,5,2
BRDA:28,0,6,3
BRDA:28,0,7,2
BRDA:28,0,8,2
BRDA:28,0,9,2
BRDA:28,0,10,2
BRDA:28,0,11,2
BRDA:78,1,0,12
BRDA:78,1,1,2
BRDA:88,2,0,0
BRDA:88,3,0,0
BRDA:89,4,0,10
BRDA:97,5,0,2
BRDA:101,6,0,1
BRDA:101,6,1,0
BRDA:112,7,0,4
BRDA:116,8,0,6
BRDA:117,9,0,12
BRDA:118,10,0,7
BRDA:119,11,0,9
BRDA:119,12,0,15
BRDA:119,12,1,9
BRDA:119,12,2,9
BRDA:139,13,0,2
BRDA:145,14,0,2
BRDA:155,15,0,1
BRDA:156,16,0,1
BRDA:156,16,1,1
BRDA:157,17,0,1
BRDA:161,18,0,2
BRDA:161,18,1,1
BRDA:169,19,0,1
BRDA:169,19,1,0
BRDA:197,20,0,5
BRDA:197,20,1,1
BRDA:198,21,0,2
BRDA:198,22,0,2
BRDA:198,22,1,0
BRDA:201,23,0,5
BRDA:201,23,1,3
BRDA:201,24,0,5
BRDA:201,24,1,3
BRDA:201,25,0,5
BRDA:201,25,1,2
BRDA:202,26,0,3
BRDA:206,27,0,1
BRDA:207,28,0,1
BRDA:208,29,0,2
BRDA:209,30,0,1
BRDA:221,31,0,3
BRDA:221,31,1,0
BRDA:222,32,0,2
BRDA:222,33,0,1
BRDA:222,33,1,2
BRDA:222,34,0,3
BRDA:222,34,1,3
BRDA:223,35,0,2
BRDA:223,35,1,0
BRDA:225,36,0,2
BRDA:226,37,0,2
BRDA:226,37,1,0
BRDA:230,38,0,3
BRDA:230,38,1,1
BRDA:230,39,0,3
BRDA:230,39,1,2
BRDA:231,40,0,2
BRDA:235,41,0,1
BRDA:236,42,0,1
BRDA:237,43,0,1
BRDA:237,44,0,0
BRDA:237,44,1,1
BRDA:237,45,0,1
BRDA:237,45,1,1
BRDA:238,46,0,1
BRDA:250,47,0,2
BRDA:250,47,1,1
BRDA:252,48,0,2
BRDA:252,48,1,0
BRDA:253,49,0,1
BRDA:253,50,0,1
BRDA:253,50,1,1
BRDA:253,51,0,2
BRDA:253,51,1,2
BRDA:254,52,0,1
BRDA:254,52,1,0
BRDA:258,53,0,1
BRDA:260,54,0,1
BRDA:265,55,0,1
BRDA:270,56,0,1
BRDA:290,57,0,3
BRDA:290,57,1,0
BRDA:291,58,0,1
BRDA:292,59,0,1
BRDA:292,59,1,0
BRDA:296,60,0,1
BRDA:298,61,0,1
BRDA:303,62,0,1
BRDA:303,62,1,1
BRDA:319,63,0,2
BRDA:319,63,1,0
BRDA:319,64,0,2
BRDA:319,64,1,0
BRDA:319,65,0,2
BRDA:319,65,1,0
BRDA:319,66,0,2
BRDA:319,66,1,2
BRDA:320,67,0,1
BRDA:324,68,0,1
BRDA:325,69,0,1
BRDA:326,70,0,1
BRDA:338,71,0,2
BRDA:338,71,1,2
BRDA:341,72,0,1
BRDA:343,73,0,1
BRDA:357,74,0,2
BRDA:357,74,1,0
BRDA:358,75,0,1
BRDA:359,76,0,1
BRDA:359,76,1,0
BRDA:363,77,0,1
BRDA:365,78,0,1
BRDA:369,79,0,1
BRDA:369,79,1,0
BRDA:369,80,0,1
BRDA:369,80,1,0
BRDA:378,81,0,2
BRDA:379,82,0,1
BRDA:379,82,1,1
BRDA:381,83,0,1
BRDA:384,84,0,1
BRF:135
BRH:115
end_of_record
